<?xml version="1.0" encoding="UTF-8"?>
<testsuite name="com.krunal.EmployeePayrollDatabaseTest" tests="2" skipped="0" failures="0" errors="0" timestamp="2021-07-20T14:19:42" hostname="DESKTOP-M2BVJTD" time="0.943">
  <properties/>
  <testcase name="givenEmployeePayrollInDB_WhenRetrieved_ShouldMatchEmployeeCount" classname="com.krunal.EmployeePayrollDatabaseTest" time="0.765"/>
  <testcase name="givenNewSalaryForEmployee_WhenUpdated_ShouldSyncWithDB" classname="com.krunal.EmployeePayrollDatabaseTest" time="0.178"/>
  <system-out><![CDATA[Connecting to database: jdbc:mysql://localhost:3306/employee_payroll_services
Connection is successful! com.mysql.cj.jdbc.ConnectionImpl@62b00232
Connecting to database: jdbc:mysql://localhost:3306/employee_payroll_services
Connection is successful! com.mysql.cj.jdbc.ConnectionImpl@28bcf56f
Connecting to database: jdbc:mysql://localhost:3306/employee_payroll_services
Connection is successful! com.mysql.cj.jdbc.ConnectionImpl@51f6a246
Connecting to database: jdbc:mysql://localhost:3306/employee_payroll_services
Connection is successful! com.mysql.cj.jdbc.ConnectionImpl@5431f132
]]></system-out>
  <system-err><![CDATA[]]></system-err>
</testsuite>
